# JRE version: OpenJDK Runtime Environment (8.0_152-b02) (build 1.8.0_152-release-1024-b02)
# Java VM: OpenJDK 64-Bit Server VM (25.152-b02 mixed mode windows-amd64 compressed oops)
Heap:
 PSYoungGen      total 106496K, used 38136K [0x00000000e0000000, 0x00000000e9c80000, 0x0000000100000000)
  eden space 96256K, 30% used [0x00000000e0000000,0x00000000e1c6fed0,0x00000000e5e00000)
  from space 10240K, 88% used [0x00000000e5e00000,0x00000000e66ce140,0x00000000e6800000)
  to   space 11264K, 0% used [0x00000000e9180000,0x00000000e9180000,0x00000000e9c80000)
 ParOldGen       total 79360K, used 23359K [0x00000000a0000000, 0x00000000a4d80000, 0x00000000e0000000)
  object space 79360K, 29% used [0x00000000a0000000,0x00000000a16cfe88,0x00000000a4d80000)
 Metaspace       used 52401K, capacity 54062K, committed 54232K, reserved 1095680K
  class space    used 7204K, capacity 7641K, committed 7680K, reserved 1048576K
GC Heap History (10 events):
Event: 26.274 GC heap before
{Heap before GC invocations=11 (full 1):
 PSYoungGen      total 60416K, used 12454K [0x00000000e0000000, 0x00000000e5580000, 0x0000000100000000)
  eden space 51200K, 7% used [0x00000000e0000000,0x00000000e03b8d48,0x00000000e3200000)
  from space 9216K, 93% used [0x00000000e3200000,0x00000000e3a70c60,0x00000000e3b00000)
  to   space 10240K, 0% used [0x00000000e4b80000,0x00000000e4b80000,0x00000000e5580000)
 ParOldGen       total 62464K, used 9654K [0x00000000a0000000, 0x00000000a3d00000, 0x00000000e0000000)
  object space 62464K, 15% used [0x00000000a0000000,0x00000000a096db90,0x00000000a3d00000)
 Metaspace       used 34766K, capacity 35260K, committed 35416K, reserved 1079296K
  class space    used 4789K, capacity 4972K, committed 4992K, reserved 1048576K
Event: 26.284 GC heap after
Heap after GC invocations=11 (full 1):
 PSYoungGen      total 77312K, used 4320K [0x00000000e0000000, 0x00000000e5d00000, 0x0000000100000000)
  eden space 67072K, 0% used [0x00000000e0000000,0x00000000e0000000,0x00000000e4180000)
  from space 10240K, 42% used [0x00000000e4b80000,0x00000000e4fb8208,0x00000000e5580000)
  to   space 10240K, 0% used [0x00000000e4180000,0x00000000e4180000,0x00000000e4b80000)
 ParOldGen       total 62464K, used 11150K [0x00000000a0000000, 0x00000000a3d00000, 0x00000000e0000000)
  object space 62464K, 17% used [0x00000000a0000000,0x00000000a0ae3bc0,0x00000000a3d00000)
 Metaspace       used 34766K, capacity 35260K, committed 35416K, reserved 1079296K
  class space    used 4789K, capacity 4972K, committed 4992K, reserved 1048576K
}
Event: 26.284 GC heap before
{Heap before GC invocations=12 (full 2):
 PSYoungGen      total 77312K, used 4320K [0x00000000e0000000, 0x00000000e5d00000, 0x0000000100000000)
  eden space 67072K, 0% used [0x00000000e0000000,0x00000000e0000000,0x00000000e4180000)
  from space 10240K, 42% used [0x00000000e4b80000,0x00000000e4fb8208,0x00000000e5580000)
  to   space 10240K, 0% used [0x00000000e4180000,0x00000000e4180000,0x00000000e4b80000)
 ParOldGen       total 62464K, used 11150K [0x00000000a0000000, 0x00000000a3d00000, 0x00000000e0000000)
  object space 62464K, 17% used [0x00000000a0000000,0x00000000a0ae3bc0,0x00000000a3d00000)
 Metaspace       used 34766K, capacity 35260K, committed 35416K, reserved 1079296K
  class space    used 4789K, capacity 4972K, committed 4992K, reserved 1048576K
Event: 26.423 GC heap after
Heap after GC invocations=12 (full 2):
 PSYoungGen      total 77312K, used 0K [0x00000000e0000000, 0x00000000e5d00000, 0x0000000100000000)
  eden space 67072K, 0% used [0x00000000e0000000,0x00000000e0000000,0x00000000e4180000)
  from space 10240K, 0% used [0x00000000e4b80000,0x00000000e4b80000,0x00000000e5580000)
  to   space 10240K, 0% used [0x00000000e4180000,0x00000000e4180000,0x00000000e4b80000)
 ParOldGen       total 79360K, used 13896K [0x00000000a0000000, 0x00000000a4d80000, 0x00000000e0000000)
  object space 79360K, 17% used [0x00000000a0000000,0x00000000a0d92320,0x00000000a4d80000)
 Metaspace       used 34766K, capacity 35260K, committed 35416K, reserved 1079296K
  class space    used 4789K, capacity 4972K, committed 4992K, reserved 1048576K
}
Event: 28.334 GC heap before
{Heap before GC invocations=13 (full 2):
 PSYoungGen      total 77312K, used 67072K [0x00000000e0000000, 0x00000000e5d00000, 0x0000000100000000)
  eden space 67072K, 100% used [0x00000000e0000000,0x00000000e4180000,0x00000000e4180000)
  from space 10240K, 0% used [0x00000000e4b80000,0x00000000e4b80000,0x00000000e5580000)
  to   space 10240K, 0% used [0x00000000e4180000,0x00000000e4180000,0x00000000e4b80000)
 ParOldGen       total 79360K, used 13896K [0x00000000a0000000, 0x00000000a4d80000, 0x00000000e0000000)
  object space 79360K, 17% used [0x00000000a0000000,0x00000000a0d92320,0x00000000a4d80000)
 Metaspace       used 38168K, capacity 38890K, committed 39256K, reserved 1083392K
  class space    used 5204K, capacity 5433K, committed 5504K, reserved 1048576K
Event: 28.360 GC heap after
Heap after GC invocations=13 (full 2):
 PSYoungGen      total 77312K, used 6495K [0x00000000e0000000, 0x00000000e7280000, 0x0000000100000000)
  eden space 67072K, 0% used [0x00000000e0000000,0x00000000e0000000,0x00000000e4180000)
  from space 10240K, 63% used [0x00000000e4180000,0x00000000e47d7f08,0x00000000e4b80000)
  to   space 9728K, 0% used [0x00000000e6900000,0x00000000e6900000,0x00000000e7280000)
 ParOldGen       total 79360K, used 13904K [0x00000000a0000000, 0x00000000a4d80000, 0x00000000e0000000)
  object space 79360K, 17% used [0x00000000a0000000,0x00000000a0d94320,0x00000000a4d80000)
 Metaspace       used 38168K, capacity 38890K, committed 39256K, reserved 1083392K
  class space    used 5204K, capacity 5433K, committed 5504K, reserved 1048576K
}
Event: 31.014 GC heap before
{Heap before GC invocations=14 (full 2):
 PSYoungGen      total 77312K, used 73567K [0x00000000e0000000, 0x00000000e7280000, 0x0000000100000000)
  eden space 67072K, 100% used [0x00000000e0000000,0x00000000e4180000,0x00000000e4180000)
  from space 10240K, 63% used [0x00000000e4180000,0x00000000e47d7f08,0x00000000e4b80000)
  to   space 9728K, 0% used [0x00000000e6900000,0x00000000e6900000,0x00000000e7280000)
 ParOldGen       total 79360K, used 13904K [0x00000000a0000000, 0x00000000a4d80000, 0x00000000e0000000)
  object space 79360K, 17% used [0x00000000a0000000,0x00000000a0d94320,0x00000000a4d80000)
 Metaspace       used 42427K, capacity 43304K, committed 43480K, reserved 1087488K
  class space    used 5791K, capacity 6060K, committed 6144K, reserved 1048576K
Event: 31.040 GC heap after
Heap after GC invocations=14 (full 2):
 PSYoungGen      total 105472K, used 8369K [0x00000000e0000000, 0x00000000e7200000, 0x0000000100000000)
  eden space 96256K, 0% used [0x00000000e0000000,0x00000000e0000000,0x00000000e5e00000)
  from space 9216K, 90% used [0x00000000e6900000,0x00000000e712c710,0x00000000e7200000)
  to   space 10240K, 0% used [0x00000000e5e00000,0x00000000e5e00000,0x00000000e6800000)
 ParOldGen       total 79360K, used 18271K [0x00000000a0000000, 0x00000000a4d80000, 0x00000000e0000000)
  object space 79360K, 23% used [0x00000000a0000000,0x00000000a11d7e08,0x00000000a4d80000)
 Metaspace       used 42427K, capacity 43304K, committed 43480K, reserved 1087488K
  class space    used 5791K, capacity 6060K, committed 6144K, reserved 1048576K
}
Event: 34.364 GC heap before
{Heap before GC invocations=15 (full 2):
 PSYoungGen      total 105472K, used 104625K [0x00000000e0000000, 0x00000000e7200000, 0x0000000100000000)
  eden space 96256K, 100% used [0x00000000e0000000,0x00000000e5e00000,0x00000000e5e00000)
  from space 9216K, 90% used [0x00000000e6900000,0x00000000e712c710,0x00000000e7200000)
  to   space 10240K, 0% used [0x00000000e5e00000,0x00000000e5e00000,0x00000000e6800000)
 ParOldGen       total 79360K, used 18271K [0x00000000a0000000, 0x00000000a4d80000, 0x00000000e0000000)
  object space 79360K, 23% used [0x00000000a0000000,0x00000000a11d7e08,0x00000000a4d80000)
 Metaspace       used 51292K, capacity 52806K, committed 52952K, reserved 1095680K
  class space    used 7024K, capacity 7411K, committed 7424K, reserved 1048576K
Event: 34.421 GC heap after
Heap after GC invocations=15 (full 2):
 PSYoungGen      total 106496K, used 9016K [0x00000000e0000000, 0x00000000e9c80000, 0x0000000100000000)
  eden space 96256K, 0% used [0x00000000e0000000,0x00000000e0000000,0x00000000e5e00000)
  from space 10240K, 88% used [0x00000000e5e00000,0x00000000e66ce140,0x00000000e6800000)
  to   space 11264K, 0% used [0x00000000e9180000,0x00000000e9180000,0x00000000e9c80000)
 ParOldGen       total 79360K, used 23359K [0x00000000a0000000, 0x00000000a4d80000, 0x00000000e0000000)
  object space 79360K, 29% used [0x00000000a0000000,0x00000000a16cfe88,0x00000000a4d80000)
 Metaspace       used 51292K, capacity 52806K, committed 52952K, reserved 1095680K
  class space    used 7024K, capacity 7411K, committed 7424K, reserved 1048576K
}

